<?xml version="1.0" encoding="UTF-8"?>
<testsuite xmlns:xsi="http://www.w3.org/2001/XMLSchema-instance" xsi:noNamespaceSchemaLocation="https://maven.apache.org/surefire/maven-surefire-plugin/xsd/surefire-test-report-3.0.xsd" version="3.0" name="bg.company.transport.db.DatabaseSmokeTest" time="1.199" tests="1" errors="0" skipped="0" failures="0">
  <properties>
[...]
</properties>
  <testcase name="crudSmokeTest" classname="bg.company.transport.db.DatabaseSmokeTest" time="0.165">
    <system-out><![CDATA[2026-02-03 11:37:18 INFO  [main] b.c.t.config.DataSourceFactory - Using database URL jdbc:mysql://localhost:3306/transport_company
2026-02-03 11:37:18 INFO  [main] com.zaxxer.hikari.HikariDataSource - transport-hikari-pool - Starting...
2026-02-03 11:37:19 INFO  [main] com.zaxxer.hikari.pool.HikariPool - transport-hikari-pool - Added connection com.mysql.cj.jdbc.ConnectionImpl@7cbee484
2026-02-03 11:37:19 INFO  [main] com.zaxxer.hikari.HikariDataSource - transport-hikari-pool - Start completed.
]]></system-out>
  </testcase>
</testsuite>